app/build/intermediates/manifest_merge_blame_file/debug/manifest-merger-blame-debug-report.txt
1<?xml version="1.0" encoding="utf-8"?>
2<manifest xmlns:android="http://schemas.android.com/apk/res/android"
3    package="com.example.tufoodtrucksloginscreen"
4    android:versionCode="1"
5    android:versionName="1.0" >
6
7    <uses-sdk
8        android:minSdkVersion="24"
9        android:targetSdkVersion="33" />
10
11    <uses-permission android:name="android.permission.INTERNET" />
11-->[app.alan:sdk:4.22.0] AndroidManifest.xml:9:5-67
11-->[app.alan:sdk:4.22.0] AndroidManifest.xml:9:22-64
12    <uses-permission android:name="android.permission.ACCESS_NETWORK_STATE" />
12-->[app.alan:sdk:4.22.0] AndroidManifest.xml:10:5-79
12-->[app.alan:sdk:4.22.0] AndroidManifest.xml:10:22-76
13    <uses-permission android:name="android.permission.RECORD_AUDIO" />
13-->[app.alan:sdk:4.22.0] AndroidManifest.xml:11:5-71
13-->[app.alan:sdk:4.22.0] AndroidManifest.xml:11:22-68
14    <uses-permission android:name="android.permission.WRITE_EXTERNAL_STORAGE" />
14-->[app.alan:sdk:4.22.0] AndroidManifest.xml:12:5-81
14-->[app.alan:sdk:4.22.0] AndroidManifest.xml:12:22-78
15    <uses-permission android:name="android.permission.READ_EXTERNAL_STORAGE" />
15-->[app.alan:sdk:4.22.0] AndroidManifest.xml:13:5-80
15-->[app.alan:sdk:4.22.0] AndroidManifest.xml:13:22-77
16    <uses-permission android:name="android.permission.CAMERA" />
16-->[app.alan:sdk:4.22.0] AndroidManifest.xml:14:5-65
16-->[app.alan:sdk:4.22.0] AndroidManifest.xml:14:22-62
17    <uses-permission android:name="android.permission.WAKE_LOCK" />
17-->[app.alan:sdk:4.22.0] AndroidManifest.xml:15:5-68
17-->[app.alan:sdk:4.22.0] AndroidManifest.xml:15:22-65
18    <uses-permission android:name="android.permission.FOREGROUND_SERVICE" />
18-->[app.alan:sdk:4.22.0] AndroidManifest.xml:16:5-77
18-->[app.alan:sdk:4.22.0] AndroidManifest.xml:16:22-74
19
20    <permission
20-->[androidx.core:core:1.9.0] AndroidManifest.xml:22:5-24:47
21        android:name="com.example.tufoodtrucksloginscreen.DYNAMIC_RECEIVER_NOT_EXPORTED_PERMISSION"
21-->[androidx.core:core:1.9.0] AndroidManifest.xml:23:9-81
22        android:protectionLevel="signature" />
22-->[androidx.core:core:1.9.0] AndroidManifest.xml:24:9-44
23
24    <uses-permission android:name="com.example.tufoodtrucksloginscreen.DYNAMIC_RECEIVER_NOT_EXPORTED_PERMISSION" />
24-->[androidx.core:core:1.9.0] AndroidManifest.xml:26:5-97
24-->[androidx.core:core:1.9.0] AndroidManifest.xml:26:22-94
25
26    <application
26-->src\main\AndroidManifest.xml:5:5-39:19
27        android:allowBackup="true"
27-->src\main\AndroidManifest.xml:6:9-35
28        android:appComponentFactory="androidx.core.app.CoreComponentFactory"
28-->[androidx.core:core:1.9.0] AndroidManifest.xml:28:18-86
29        android:dataExtractionRules="@xml/data_extraction_rules"
29-->src\main\AndroidManifest.xml:7:9-65
30        android:debuggable="true"
31        android:extractNativeLibs="false"
32        android:fullBackupContent="@xml/backup_rules"
32-->src\main\AndroidManifest.xml:8:9-54
33        android:icon="@mipmap/ic_launcher"
33-->src\main\AndroidManifest.xml:9:9-43
34        android:label="@string/app_name"
34-->src\main\AndroidManifest.xml:10:9-41
35        android:roundIcon="@mipmap/ic_launcher_round"
35-->src\main\AndroidManifest.xml:11:9-54
36        android:supportsRtl="true"
36-->src\main\AndroidManifest.xml:12:9-35
37        android:testOnly="true"
38        android:theme="@style/Theme.AppCompat.DayNight" >
38-->src\main\AndroidManifest.xml:13:9-56
39        <activity
39-->src\main\AndroidManifest.xml:15:9-23:20
40            android:name="com.example.tufoodtrucksloginscreen.MainActivity"
40-->src\main\AndroidManifest.xml:16:13-41
41            android:exported="true" >
41-->src\main\AndroidManifest.xml:17:13-36
42            <intent-filter>
42-->src\main\AndroidManifest.xml:18:13-22:29
43                <action android:name="android.intent.action.MAIN" />
43-->src\main\AndroidManifest.xml:19:17-69
43-->src\main\AndroidManifest.xml:19:25-66
44
45                <category android:name="android.intent.category.LAUNCHER" />
45-->src\main\AndroidManifest.xml:21:17-77
45-->src\main\AndroidManifest.xml:21:27-74
46            </intent-filter>
47        </activity>
48        <activity
48-->src\main\AndroidManifest.xml:24:9-28:20
49            android:name="com.example.tufoodtrucksloginscreen.TruckDisplayLoad"
49-->src\main\AndroidManifest.xml:25:13-45
50            android:exported="true" >
50-->src\main\AndroidManifest.xml:26:13-36
51        </activity>
52        <activity
52-->src\main\AndroidManifest.xml:29:9-33:20
53            android:name="com.example.tufoodtrucksloginscreen.TruckInformationLoad"
53-->src\main\AndroidManifest.xml:30:13-49
54            android:exported="true" >
54-->src\main\AndroidManifest.xml:31:13-36
55        </activity>
56        <activity
56-->src\main\AndroidManifest.xml:34:9-38:20
57            android:name="com.example.tufoodtrucksloginscreen.TruckMenuLoad"
57-->src\main\AndroidManifest.xml:35:13-41
58            android:exported="true" >
58-->src\main\AndroidManifest.xml:36:13-36
59        </activity>
60        <activity
60-->[app.alan:sdk:4.22.0] AndroidManifest.xml:19:9-21:56
61            android:name="com.alan.alansdk.CheckPermissionsActivity"
61-->[app.alan:sdk:4.22.0] AndroidManifest.xml:20:13-69
62            android:theme="@style/Theme.Transparent" />
62-->[app.alan:sdk:4.22.0] AndroidManifest.xml:21:13-53
63        <activity
63-->[app.alan:sdk:4.22.0] AndroidManifest.xml:22:9-25:54
64            android:name="com.alan.alansdk.qr.QRScanActivity"
64-->[app.alan:sdk:4.22.0] AndroidManifest.xml:23:13-62
65            android:screenOrientation="portrait"
65-->[app.alan:sdk:4.22.0] AndroidManifest.xml:24:13-49
66            android:theme="@style/QRActivityTheme" />
66-->[app.alan:sdk:4.22.0] AndroidManifest.xml:25:13-51
67
68        <service
68-->[app.alan:sdk:4.22.0] AndroidManifest.xml:27:9-30:44
69            android:name="com.alan.alansdk.AlanNotificationService"
69-->[app.alan:sdk:4.22.0] AndroidManifest.xml:28:13-68
70            android:enabled="true"
70-->[app.alan:sdk:4.22.0] AndroidManifest.xml:29:13-35
71            android:stopWithTask="false" />
71-->[app.alan:sdk:4.22.0] AndroidManifest.xml:30:13-41
72
73        <provider
73-->[androidx.emoji2:emoji2:1.2.0] AndroidManifest.xml:24:9-32:20
74            android:name="androidx.startup.InitializationProvider"
74-->[androidx.emoji2:emoji2:1.2.0] AndroidManifest.xml:25:13-67
75            android:authorities="com.example.tufoodtrucksloginscreen.androidx-startup"
75-->[androidx.emoji2:emoji2:1.2.0] AndroidManifest.xml:26:13-68
76            android:exported="false" >
76-->[androidx.emoji2:emoji2:1.2.0] AndroidManifest.xml:27:13-37
77            <meta-data
77-->[androidx.emoji2:emoji2:1.2.0] AndroidManifest.xml:29:13-31:52
78                android:name="androidx.emoji2.text.EmojiCompatInitializer"
78-->[androidx.emoji2:emoji2:1.2.0] AndroidManifest.xml:30:17-75
79                android:value="androidx.startup" />
79-->[androidx.emoji2:emoji2:1.2.0] AndroidManifest.xml:31:17-49
80            <meta-data
80-->[androidx.lifecycle:lifecycle-process:2.6.2] AndroidManifest.xml:29:13-31:52
81                android:name="androidx.lifecycle.ProcessLifecycleInitializer"
81-->[androidx.lifecycle:lifecycle-process:2.6.2] AndroidManifest.xml:30:17-78
82                android:value="androidx.startup" />
82-->[androidx.lifecycle:lifecycle-process:2.6.2] AndroidManifest.xml:31:17-49
83            <meta-data
83-->[androidx.profileinstaller:profileinstaller:1.3.0] AndroidManifest.xml:29:13-31:52
84                android:name="androidx.profileinstaller.ProfileInstallerInitializer"
84-->[androidx.profileinstaller:profileinstaller:1.3.0] AndroidManifest.xml:30:17-85
85                android:value="androidx.startup" />
85-->[androidx.profileinstaller:profileinstaller:1.3.0] AndroidManifest.xml:31:17-49
86        </provider>
87
88        <receiver
88-->[androidx.profileinstaller:profileinstaller:1.3.0] AndroidManifest.xml:34:9-52:20
89            android:name="androidx.profileinstaller.ProfileInstallReceiver"
89-->[androidx.profileinstaller:profileinstaller:1.3.0] AndroidManifest.xml:35:13-76
90            android:directBootAware="false"
90-->[androidx.profileinstaller:profileinstaller:1.3.0] AndroidManifest.xml:36:13-44
91            android:enabled="true"
91-->[androidx.profileinstaller:profileinstaller:1.3.0] AndroidManifest.xml:37:13-35
92            android:exported="true"
92-->[androidx.profileinstaller:profileinstaller:1.3.0] AndroidManifest.xml:38:13-36
93            android:permission="android.permission.DUMP" >
93-->[androidx.profileinstaller:profileinstaller:1.3.0] AndroidManifest.xml:39:13-57
94            <intent-filter>
94-->[androidx.profileinstaller:profileinstaller:1.3.0] AndroidManifest.xml:40:13-42:29
95                <action android:name="androidx.profileinstaller.action.INSTALL_PROFILE" />
95-->[androidx.profileinstaller:profileinstaller:1.3.0] AndroidManifest.xml:41:17-91
95-->[androidx.profileinstaller:profileinstaller:1.3.0] AndroidManifest.xml:41:25-88
96            </intent-filter>
97            <intent-filter>
97-->[androidx.profileinstaller:profileinstaller:1.3.0] AndroidManifest.xml:43:13-45:29
98                <action android:name="androidx.profileinstaller.action.SKIP_FILE" />
98-->[androidx.profileinstaller:profileinstaller:1.3.0] AndroidManifest.xml:44:17-85
98-->[androidx.profileinstaller:profileinstaller:1.3.0] AndroidManifest.xml:44:25-82
99            </intent-filter>
100            <intent-filter>
100-->[androidx.profileinstaller:profileinstaller:1.3.0] AndroidManifest.xml:46:13-48:29
101                <action android:name="androidx.profileinstaller.action.SAVE_PROFILE" />
101-->[androidx.profileinstaller:profileinstaller:1.3.0] AndroidManifest.xml:47:17-88
101-->[androidx.profileinstaller:profileinstaller:1.3.0] AndroidManifest.xml:47:25-85
102            </intent-filter>
103            <intent-filter>
103-->[androidx.profileinstaller:profileinstaller:1.3.0] AndroidManifest.xml:49:13-51:29
104                <action android:name="androidx.profileinstaller.action.BENCHMARK_OPERATION" />
104-->[androidx.profileinstaller:profileinstaller:1.3.0] AndroidManifest.xml:50:17-95
104-->[androidx.profileinstaller:profileinstaller:1.3.0] AndroidManifest.xml:50:25-92
105            </intent-filter>
106        </receiver>
107    </application>
108
109</manifest>